0 info it worked if it ends with ok
1 verbose cli [ '/usr/local/bin/node',
1 verbose cli   '/usr/local/bin/npm',
1 verbose cli   'install',
1 verbose cli   '-g',
1 verbose cli   '@angular-devkit/schmatics' ]
2 info using npm@3.10.3
3 info using node@v8.9.2
4 silly loadCurrentTree Starting
5 silly install loadCurrentTree
6 silly install readGlobalPackageData
7 silly fetchPackageMetaData @angular-devkit/schmatics
8 silly fetchNamedPackageData @angular-devkit/schmatics
9 silly mapToRegistry name @angular-devkit/schmatics
10 silly mapToRegistry scope (from package name) @angular-devkit
11 verbose mapToRegistry no registry URL found in name for scope @angular-devkit
12 silly mapToRegistry using default registry
13 silly mapToRegistry registry https://registry.npmjs.org/
14 silly mapToRegistry data Result {
14 silly mapToRegistry   raw: '@angular-devkit/schmatics',
14 silly mapToRegistry   scope: '@angular-devkit',
14 silly mapToRegistry   escapedName: '@angular-devkit%2fschmatics',
14 silly mapToRegistry   name: '@angular-devkit/schmatics',
14 silly mapToRegistry   rawSpec: '',
14 silly mapToRegistry   spec: 'latest',
14 silly mapToRegistry   type: 'tag' }
15 silly mapToRegistry uri https://registry.npmjs.org/@angular-devkit%2fschmatics
16 verbose request uri https://registry.npmjs.org/@angular-devkit%2fschmatics
17 verbose request no auth needed
18 info attempt registry request try #1 at 17:15:41
19 verbose request id dffe107df32eaec4
20 http request GET https://registry.npmjs.org/@angular-devkit%2fschmatics
21 http 404 https://registry.npmjs.org/@angular-devkit%2fschmatics
22 verbose headers { 'content-type': 'application/json',
22 verbose headers   'cache-control': 'max-age=0',
22 verbose headers   'content-length': '21',
22 verbose headers   'accept-ranges': 'bytes',
22 verbose headers   date: 'Sun, 10 Dec 2017 09:15:42 GMT',
22 verbose headers   via: '1.1 varnish',
22 verbose headers   connection: 'keep-alive',
22 verbose headers   'x-served-by': 'cache-per7621-PER',
22 verbose headers   'x-cache': 'MISS',
22 verbose headers   'x-cache-hits': '0',
22 verbose headers   'x-timer': 'S1512897342.998076,VS0,VE972' }
23 silly get cb [ 404,
23 silly get   { 'content-type': 'application/json',
23 silly get     'cache-control': 'max-age=0',
23 silly get     'content-length': '21',
23 silly get     'accept-ranges': 'bytes',
23 silly get     date: 'Sun, 10 Dec 2017 09:15:42 GMT',
23 silly get     via: '1.1 varnish',
23 silly get     connection: 'keep-alive',
23 silly get     'x-served-by': 'cache-per7621-PER',
23 silly get     'x-cache': 'MISS',
23 silly get     'x-cache-hits': '0',
23 silly get     'x-timer': 'S1512897342.998076,VS0,VE972' } ]
24 silly fetchPackageMetaData Error: Not found : @angular-devkit/schmatics
24 silly fetchPackageMetaData     at makeError (/usr/local/lib/node_modules/npm/node_modules/npm-registry-client/lib/request.js:264:12)
24 silly fetchPackageMetaData     at CachingRegistryClient.<anonymous> (/usr/local/lib/node_modules/npm/node_modules/npm-registry-client/lib/request.js:252:14)
24 silly fetchPackageMetaData     at Request._callback (/usr/local/lib/node_modules/npm/node_modules/npm-registry-client/lib/request.js:172:14)
24 silly fetchPackageMetaData     at Request.self.callback (/usr/local/lib/node_modules/npm/node_modules/request/request.js:200:22)
24 silly fetchPackageMetaData     at emitTwo (events.js:126:13)
24 silly fetchPackageMetaData     at Request.emit (events.js:214:7)
24 silly fetchPackageMetaData     at Request.<anonymous> (/usr/local/lib/node_modules/npm/node_modules/request/request.js:1067:10)
24 silly fetchPackageMetaData     at emitOne (events.js:121:20)
24 silly fetchPackageMetaData     at Request.emit (events.js:211:7)
24 silly fetchPackageMetaData     at IncomingMessage.<anonymous> (/usr/local/lib/node_modules/npm/node_modules/request/request.js:988:12)
24 silly fetchPackageMetaData  error for @angular-devkit/schmatics { Error: Not found : @angular-devkit/schmatics
24 silly fetchPackageMetaData     at makeError (/usr/local/lib/node_modules/npm/node_modules/npm-registry-client/lib/request.js:264:12)
24 silly fetchPackageMetaData     at CachingRegistryClient.<anonymous> (/usr/local/lib/node_modules/npm/node_modules/npm-registry-client/lib/request.js:252:14)
24 silly fetchPackageMetaData     at Request._callback (/usr/local/lib/node_modules/npm/node_modules/npm-registry-client/lib/request.js:172:14)
24 silly fetchPackageMetaData     at Request.self.callback (/usr/local/lib/node_modules/npm/node_modules/request/request.js:200:22)
24 silly fetchPackageMetaData     at emitTwo (events.js:126:13)
24 silly fetchPackageMetaData     at Request.emit (events.js:214:7)
24 silly fetchPackageMetaData     at Request.<anonymous> (/usr/local/lib/node_modules/npm/node_modules/request/request.js:1067:10)
24 silly fetchPackageMetaData     at emitOne (events.js:121:20)
24 silly fetchPackageMetaData     at Request.emit (events.js:211:7)
24 silly fetchPackageMetaData     at IncomingMessage.<anonymous> (/usr/local/lib/node_modules/npm/node_modules/request/request.js:988:12)
24 silly fetchPackageMetaData   pkgid: '@angular-devkit/schmatics',
24 silly fetchPackageMetaData   statusCode: 404,
24 silly fetchPackageMetaData   code: 'E404' }
25 silly rollbackFailedOptional Starting
26 silly rollbackFailedOptional Finishing
27 silly runTopLevelLifecycles Starting
28 silly runTopLevelLifecycles Finishing
29 silly install printInstalled
30 verbose stack Error: Not found : @angular-devkit/schmatics
30 verbose stack     at makeError (/usr/local/lib/node_modules/npm/node_modules/npm-registry-client/lib/request.js:264:12)
30 verbose stack     at CachingRegistryClient.<anonymous> (/usr/local/lib/node_modules/npm/node_modules/npm-registry-client/lib/request.js:252:14)
30 verbose stack     at Request._callback (/usr/local/lib/node_modules/npm/node_modules/npm-registry-client/lib/request.js:172:14)
30 verbose stack     at Request.self.callback (/usr/local/lib/node_modules/npm/node_modules/request/request.js:200:22)
30 verbose stack     at emitTwo (events.js:126:13)
30 verbose stack     at Request.emit (events.js:214:7)
30 verbose stack     at Request.<anonymous> (/usr/local/lib/node_modules/npm/node_modules/request/request.js:1067:10)
30 verbose stack     at emitOne (events.js:121:20)
30 verbose stack     at Request.emit (events.js:211:7)
30 verbose stack     at IncomingMessage.<anonymous> (/usr/local/lib/node_modules/npm/node_modules/request/request.js:988:12)
31 verbose statusCode 404
32 verbose pkgid @angular-devkit/schmatics
33 verbose cwd /Users/elizabethhburgess/Sites/angular-cse-code/angular-cse-udemy
34 error Darwin 16.7.0
35 error argv "/usr/local/bin/node" "/usr/local/bin/npm" "install" "-g" "@angular-devkit/schmatics"
36 error node v8.9.2
37 error npm  v3.10.3
38 error code E404
39 error 404 Not found : @angular-devkit/schmatics
40 error 404
41 error 404 '@angular-devkit/schmatics' is not in the npm registry.
42 error 404 You should bug the author to publish it (or use the name yourself!)
43 error 404 Note that you can also install from a
44 error 404 tarball, folder, http url, or git url.
45 verbose exit [ 1, true ]
